[2023-02-09T09:52:24.536+0200] {taskinstance.py:1083} INFO - Dependencies all met for <TaskInstance: railway_v02.upload_S3 manual__2023-02-08T16:37:21.104863+00:00 [queued]>
[2023-02-09T09:52:24.544+0200] {taskinstance.py:1083} INFO - Dependencies all met for <TaskInstance: railway_v02.upload_S3 manual__2023-02-08T16:37:21.104863+00:00 [queued]>
[2023-02-09T09:52:24.544+0200] {taskinstance.py:1279} INFO - 
--------------------------------------------------------------------------------
[2023-02-09T09:52:24.544+0200] {taskinstance.py:1280} INFO - Starting attempt 12 of 15
[2023-02-09T09:52:24.544+0200] {taskinstance.py:1281} INFO - 
--------------------------------------------------------------------------------
[2023-02-09T09:52:24.551+0200] {taskinstance.py:1300} INFO - Executing <Task(PythonOperator): upload_S3> on 2023-02-08 16:37:21.104863+00:00
[2023-02-09T09:52:24.558+0200] {standard_task_runner.py:55} INFO - Started process 55828 to run task
[2023-02-09T09:52:24.564+0200] {standard_task_runner.py:82} INFO - Running: ['airflow', 'tasks', 'run', 'railway_v02', 'upload_S3', 'manual__2023-02-08T16:37:21.104863+00:00', '--job-id', '799', '--raw', '--subdir', 'DAGS_FOLDER/fetching_api.py', '--cfg-path', '/var/folders/qr/k2__dmk5697g2jyd7w2tpyt80000gn/T/tmp5osca45v']
[2023-02-09T09:52:24.566+0200] {standard_task_runner.py:83} INFO - Job 799: Subtask upload_S3
[2023-02-09T09:52:24.629+0200] {task_command.py:388} INFO - Running <TaskInstance: railway_v02.upload_S3 manual__2023-02-08T16:37:21.104863+00:00 [running]> on host nhanchaus-macbook-air.local
[2023-02-09T09:52:24.679+0200] {taskinstance.py:1507} INFO - Exporting the following env vars:
AIRFLOW_CTX_DAG_OWNER=Nhan_Chau
AIRFLOW_CTX_DAG_ID=railway_v02
AIRFLOW_CTX_TASK_ID=upload_S3
AIRFLOW_CTX_EXECUTION_DATE=2023-02-08T16:37:21.104863+00:00
AIRFLOW_CTX_TRY_NUMBER=12
AIRFLOW_CTX_DAG_RUN_ID=manual__2023-02-08T16:37:21.104863+00:00
[2023-02-09T09:52:54.326+0200] {taskinstance.py:1768} ERROR - Task failed with exception
Traceback (most recent call last):
  File "/Library/Frameworks/Python.framework/Versions/3.10/lib/python3.10/site-packages/urllib3/connection.py", line 159, in _new_conn
    conn = connection.create_connection(
  File "/Library/Frameworks/Python.framework/Versions/3.10/lib/python3.10/site-packages/urllib3/util/connection.py", line 61, in create_connection
    for res in socket.getaddrinfo(host, port, family, socket.SOCK_STREAM):
  File "/Library/Frameworks/Python.framework/Versions/3.10/lib/python3.10/socket.py", line 955, in getaddrinfo
    for res in _socket.getaddrinfo(host, port, family, type, proto, flags):
socket.gaierror: [Errno 8] nodename nor servname provided, or not known

During handling of the above exception, another exception occurred:

Traceback (most recent call last):
  File "/Library/Frameworks/Python.framework/Versions/3.10/lib/python3.10/site-packages/botocore/httpsession.py", line 455, in send
    urllib_response = conn.urlopen(
  File "/Library/Frameworks/Python.framework/Versions/3.10/lib/python3.10/site-packages/urllib3/connectionpool.py", line 726, in urlopen
    retries = retries.increment(
  File "/Library/Frameworks/Python.framework/Versions/3.10/lib/python3.10/site-packages/urllib3/util/retry.py", line 386, in increment
    raise six.reraise(type(error), error, _stacktrace)
  File "/Library/Frameworks/Python.framework/Versions/3.10/lib/python3.10/site-packages/urllib3/packages/six.py", line 735, in reraise
    raise value
  File "/Library/Frameworks/Python.framework/Versions/3.10/lib/python3.10/site-packages/urllib3/connectionpool.py", line 670, in urlopen
    httplib_response = self._make_request(
  File "/Library/Frameworks/Python.framework/Versions/3.10/lib/python3.10/site-packages/urllib3/connectionpool.py", line 381, in _make_request
    self._validate_conn(conn)
  File "/Library/Frameworks/Python.framework/Versions/3.10/lib/python3.10/site-packages/urllib3/connectionpool.py", line 978, in _validate_conn
    conn.connect()
  File "/Library/Frameworks/Python.framework/Versions/3.10/lib/python3.10/site-packages/urllib3/connection.py", line 309, in connect
    conn = self._new_conn()
  File "/Library/Frameworks/Python.framework/Versions/3.10/lib/python3.10/site-packages/urllib3/connection.py", line 171, in _new_conn
    raise NewConnectionError(
urllib3.exceptions.NewConnectionError: <botocore.awsrequest.AWSHTTPSConnection object at 0x1323b9e70>: Failed to establish a new connection: [Errno 8] nodename nor servname provided, or not known

During handling of the above exception, another exception occurred:

Traceback (most recent call last):
  File "/Library/Frameworks/Python.framework/Versions/3.10/lib/python3.10/site-packages/airflow/operators/python.py", line 175, in execute
    return_value = self.execute_callable()
  File "/Library/Frameworks/Python.framework/Versions/3.10/lib/python3.10/site-packages/airflow/operators/python.py", line 192, in execute_callable
    return self.python_callable(*self.op_args, **self.op_kwargs)
  File "/Users/nhanchau/gitRepo/Raiway_with_AIrflow/dags/fetching_api.py", line 127, in upload_S3
    s3.Bucket('airflow-bucket').upload_file(Filename = os.path.join(root,file), Key= file)
  File "/Library/Frameworks/Python.framework/Versions/3.10/lib/python3.10/site-packages/boto3/s3/inject.py", line 233, in bucket_upload_file
    return self.meta.client.upload_file(
  File "/Library/Frameworks/Python.framework/Versions/3.10/lib/python3.10/site-packages/boto3/s3/inject.py", line 143, in upload_file
    return transfer.upload_file(
  File "/Library/Frameworks/Python.framework/Versions/3.10/lib/python3.10/site-packages/boto3/s3/transfer.py", line 292, in upload_file
    future.result()
  File "/Library/Frameworks/Python.framework/Versions/3.10/lib/python3.10/site-packages/s3transfer/futures.py", line 103, in result
    return self._coordinator.result()
  File "/Library/Frameworks/Python.framework/Versions/3.10/lib/python3.10/site-packages/s3transfer/futures.py", line 266, in result
    raise self._exception
  File "/Library/Frameworks/Python.framework/Versions/3.10/lib/python3.10/site-packages/s3transfer/tasks.py", line 139, in __call__
    return self._execute_main(kwargs)
  File "/Library/Frameworks/Python.framework/Versions/3.10/lib/python3.10/site-packages/s3transfer/tasks.py", line 162, in _execute_main
    return_value = self._main(**kwargs)
  File "/Library/Frameworks/Python.framework/Versions/3.10/lib/python3.10/site-packages/s3transfer/upload.py", line 758, in _main
    client.put_object(Bucket=bucket, Key=key, Body=body, **extra_args)
  File "/Library/Frameworks/Python.framework/Versions/3.10/lib/python3.10/site-packages/botocore/client.py", line 530, in _api_call
    return self._make_api_call(operation_name, kwargs)
  File "/Library/Frameworks/Python.framework/Versions/3.10/lib/python3.10/site-packages/botocore/client.py", line 943, in _make_api_call
    http, parsed_response = self._make_request(
  File "/Library/Frameworks/Python.framework/Versions/3.10/lib/python3.10/site-packages/botocore/client.py", line 966, in _make_request
    return self._endpoint.make_request(operation_model, request_dict)
  File "/Library/Frameworks/Python.framework/Versions/3.10/lib/python3.10/site-packages/botocore/endpoint.py", line 119, in make_request
    return self._send_request(request_dict, operation_model)
  File "/Library/Frameworks/Python.framework/Versions/3.10/lib/python3.10/site-packages/botocore/endpoint.py", line 202, in _send_request
    while self._needs_retry(
  File "/Library/Frameworks/Python.framework/Versions/3.10/lib/python3.10/site-packages/botocore/endpoint.py", line 354, in _needs_retry
    responses = self._event_emitter.emit(
  File "/Library/Frameworks/Python.framework/Versions/3.10/lib/python3.10/site-packages/botocore/hooks.py", line 412, in emit
    return self._emitter.emit(aliased_event_name, **kwargs)
  File "/Library/Frameworks/Python.framework/Versions/3.10/lib/python3.10/site-packages/botocore/hooks.py", line 256, in emit
    return self._emit(event_name, kwargs)
  File "/Library/Frameworks/Python.framework/Versions/3.10/lib/python3.10/site-packages/botocore/hooks.py", line 239, in _emit
    response = handler(**kwargs)
  File "/Library/Frameworks/Python.framework/Versions/3.10/lib/python3.10/site-packages/botocore/retryhandler.py", line 207, in __call__
    if self._checker(**checker_kwargs):
  File "/Library/Frameworks/Python.framework/Versions/3.10/lib/python3.10/site-packages/botocore/retryhandler.py", line 284, in __call__
    should_retry = self._should_retry(
  File "/Library/Frameworks/Python.framework/Versions/3.10/lib/python3.10/site-packages/botocore/retryhandler.py", line 320, in _should_retry
    return self._checker(attempt_number, response, caught_exception)
  File "/Library/Frameworks/Python.framework/Versions/3.10/lib/python3.10/site-packages/botocore/retryhandler.py", line 363, in __call__
    checker_response = checker(
  File "/Library/Frameworks/Python.framework/Versions/3.10/lib/python3.10/site-packages/botocore/retryhandler.py", line 247, in __call__
    return self._check_caught_exception(
  File "/Library/Frameworks/Python.framework/Versions/3.10/lib/python3.10/site-packages/botocore/retryhandler.py", line 416, in _check_caught_exception
    raise caught_exception
  File "/Library/Frameworks/Python.framework/Versions/3.10/lib/python3.10/site-packages/botocore/endpoint.py", line 281, in _do_get_response
    http_response = self._send(request)
  File "/Library/Frameworks/Python.framework/Versions/3.10/lib/python3.10/site-packages/botocore/endpoint.py", line 377, in _send
    return self.http_session.send(request)
  File "/Library/Frameworks/Python.framework/Versions/3.10/lib/python3.10/site-packages/botocore/httpsession.py", line 484, in send
    raise EndpointConnectionError(endpoint_url=request.url, error=e)
botocore.exceptions.EndpointConnectionError: Could not connect to the endpoint URL: "https://airflow-bucket.s3.eu-north-1.amazonaws.com/2023-02-07-operator.png"
[2023-02-09T09:52:54.375+0200] {taskinstance.py:1318} INFO - Marking task as UP_FOR_RETRY. dag_id=railway_v02, task_id=upload_S3, execution_date=20230208T163721, start_date=20230209T075224, end_date=20230209T075254
[2023-02-09T09:52:54.441+0200] {standard_task_runner.py:100} ERROR - Failed to execute job 799 for task upload_S3 (Could not connect to the endpoint URL: "https://airflow-bucket.s3.eu-north-1.amazonaws.com/2023-02-07-operator.png"; 55828)
[2023-02-09T09:52:54.459+0200] {local_task_job.py:208} INFO - Task exited with return code 1
[2023-02-09T09:52:54.487+0200] {taskinstance.py:2578} INFO - 0 downstream tasks scheduled from follow-on schedule check
